Copyright 1986-2020 Xilinx, Inc. All Rights Reserved.
---------------------------------------------------------------------------------------------
| Tool Version : Vivado v.2020.1 (lin64) Build 2902540 Wed May 27 19:54:35 MDT 2020
| Date         : Thu Dec 14 23:17:14 2023
| Host         : billionaire-he-will-be running 64-bit Ubuntu 20.04.6 LTS
| Command      : report_control_sets -verbose -file design_1_wrapper_control_sets_placed.rpt
| Design       : design_1_wrapper
| Device       : xc7z020
---------------------------------------------------------------------------------------------

Control Set Information

Table of Contents
-----------------
1. Summary
2. Histogram
3. Flip-Flop Distribution
4. Detailed Control Set Information

1. Summary
----------

+----------------------------------------------------------+-------+
|                          Status                          | Count |
+----------------------------------------------------------+-------+
| Total control sets                                       |    14 |
|    Minimum number of control sets                        |    14 |
|    Addition due to synthesis replication                 |     0 |
|    Addition due to physical synthesis replication        |     0 |
| Unused register locations in slices containing registers |    76 |
+----------------------------------------------------------+-------+
* Control sets can be merged at opt_design using control_set_merge or merge_equivalent_drivers
** Run report_qor_suggestions for automated merging and remapping suggestions


2. Histogram
------------

+--------------------+-------+
|       Fanout       | Count |
+--------------------+-------+
| Total control sets |    14 |
| >= 0 to < 4        |     1 |
| >= 4 to < 6        |     1 |
| >= 6 to < 8        |     1 |
| >= 8 to < 10       |     0 |
| >= 10 to < 12      |     4 |
| >= 12 to < 14      |     0 |
| >= 14 to < 16      |     0 |
| >= 16              |     7 |
+--------------------+-------+
* Control sets can be remapped at either synth_design or opt_design


3. Flip-Flop Distribution
-------------------------

+--------------+-----------------------+------------------------+-----------------+--------------+
| Clock Enable | Synchronous Set/Reset | Asynchronous Set/Reset | Total Registers | Total Slices |
+--------------+-----------------------+------------------------+-----------------+--------------+
| No           | No                    | No                     |               6 |            6 |
| No           | No                    | Yes                    |               0 |            0 |
| No           | Yes                   | No                     |             125 |           38 |
| Yes          | No                    | No                     |              20 |           13 |
| Yes          | No                    | Yes                    |               0 |            0 |
| Yes          | Yes                   | No                     |              29 |            9 |
+--------------+-----------------------+------------------------+-----------------+--------------+


4. Detailed Control Set Information
-----------------------------------

+-------------------------------------+-----------------------------------------------------------+----------------------------------------------------------------------------------------------+------------------+----------------+--------------+
|             Clock Signal            |                       Enable Signal                       |                                       Set/Reset Signal                                       | Slice Load Count | Bel Load Count | Bels / Slice |
+-------------------------------------+-----------------------------------------------------------+----------------------------------------------------------------------------------------------+------------------+----------------+--------------+
|  iClk_IBUF                          |                                                           |                                                                                              |                1 |              1 |         1.00 |
|  design_1_i/clk_wiz_0/inst/clk_out1 |                                                           |                                                                                              |                5 |              5 |         1.00 |
|  design_1_i/clk_wiz_0/inst/clk_out1 |                                                           | design_1_i/Debounce_Switch_0/inst/o_Switch                                                   |                4 |              7 |         1.75 |
|  design_1_i/clk_wiz_0/inst/clk_out1 |                                                           | design_1_i/VGA_timings_0/inst/cntH/rCurrent_count[9]_i_1__0_n_0                              |                4 |             10 |         2.50 |
|  design_1_i/clk_wiz_0/inst/clk_out1 | design_1_i/VGA_timings_0/inst/cntH/E[0]                   | design_1_i/VGA_timings_0/inst/cntV/rCurrent_count[9]_i_1_n_0                                 |                4 |             10 |         2.50 |
|  design_1_i/clk_wiz_0/inst/clk_out1 | design_1_i/FSM_VGA_all_0/inst/FSM_VGA_inst/r_oShapeX_next |                                                                                              |                6 |             10 |         1.67 |
|  design_1_i/clk_wiz_0/inst/clk_out1 | design_1_i/FSM_VGA_all_0/inst/FSM_VGA_inst/r_oShapeY_next |                                                                                              |                7 |             10 |         1.43 |
|  iClk_IBUF                          |                                                           | design_1_i/Debounce_Switch_5/inst/p_0_in                                                     |                5 |             18 |         3.60 |
|  design_1_i/clk_wiz_0/inst/clk_out1 |                                                           | design_1_i/Debounce_Switch_1/inst/p_0_in                                                     |                5 |             18 |         3.60 |
|  design_1_i/clk_wiz_0/inst/clk_out1 |                                                           | design_1_i/Debounce_Switch_2/inst/p_0_in                                                     |                5 |             18 |         3.60 |
|  design_1_i/clk_wiz_0/inst/clk_out1 |                                                           | design_1_i/Debounce_Switch_0/inst/p_0_in                                                     |                5 |             18 |         3.60 |
|  design_1_i/clk_wiz_0/inst/clk_out1 |                                                           | design_1_i/Debounce_Switch_3/inst/p_0_in                                                     |                5 |             18 |         3.60 |
|  design_1_i/clk_wiz_0/inst/clk_out1 |                                                           | design_1_i/Debounce_Switch_4/inst/p_0_in                                                     |                5 |             18 |         3.60 |
|  design_1_i/clk_wiz_0/inst/clk_out1 | design_1_i/FSM_VGA_all_0/inst/FSM_VGA_inst/r_iEn_timer    | design_1_i/FSM_VGA_all_0/inst/FSM_VGA_inst/timer_inst/counter_inst/rCurrent_count[0]_i_1_n_0 |                5 |             19 |         3.80 |
+-------------------------------------+-----------------------------------------------------------+----------------------------------------------------------------------------------------------+------------------+----------------+--------------+


