
*** Running vivado
    with args -log VGA_pattern.vds -m64 -product Vivado -mode batch -messageDb vivado.pb -notrace -source VGA_pattern.tcl


****** Vivado v2020.1 (64-bit)
  **** SW Build 2902540 on Wed May 27 19:54:35 MDT 2020
  **** IP Build 2902112 on Wed May 27 22:43:36 MDT 2020
    ** Copyright 1986-2020 Xilinx, Inc. All Rights Reserved.

source VGA_pattern.tcl -notrace
Command: synth_design -top VGA_pattern -part xc7z020clg400-1
Starting synth_design
Attempting to get a license for feature 'Synthesis' and/or device 'xc7z020'
INFO: [Common 17-349] Got license for feature 'Synthesis' and/or device 'xc7z020'
INFO: [Device 21-403] Loading part xc7z020clg400-1
INFO: [Synth 8-7079] Multithreading enabled for synth_design using a maximum of 4 processes.
INFO: [Synth 8-7078] Launching helper process for spawning children vivado processes
INFO: [Synth 8-7075] Helper process launched with PID 1665577
---------------------------------------------------------------------------------
Starting RTL Elaboration : Time (s): cpu = 00:00:05 ; elapsed = 00:00:06 . Memory (MB): peak = 2079.090 ; gain = 0.000 ; free physical = 2132 ; free virtual = 6291
---------------------------------------------------------------------------------
INFO: [Synth 8-6157] synthesizing module 'VGA_pattern' [/home/sims0702/DDC_project-main/lab3.srcs/sources_1/new/VGA_pattern.v:23]
	Parameter WIDTH bound to: 640 - type: integer 
	Parameter H_FP bound to: 16 - type: integer 
	Parameter H_PW bound to: 96 - type: integer 
	Parameter H_BP bound to: 48 - type: integer 
	Parameter H_TOT bound to: 800 - type: integer 
	Parameter HEIGHT bound to: 480 - type: integer 
	Parameter V_FP bound to: 10 - type: integer 
	Parameter V_PW bound to: 2 - type: integer 
	Parameter V_BP bound to: 33 - type: integer 
	Parameter V_TOT bound to: 525 - type: integer 
INFO: [Synth 8-6155] done synthesizing module 'VGA_pattern' (1#1) [/home/sims0702/DDC_project-main/lab3.srcs/sources_1/new/VGA_pattern.v:23]
---------------------------------------------------------------------------------
Finished RTL Elaboration : Time (s): cpu = 00:00:07 ; elapsed = 00:00:09 . Memory (MB): peak = 2079.090 ; gain = 0.000 ; free physical = 2230 ; free virtual = 6389
---------------------------------------------------------------------------------
---------------------------------------------------------------------------------
Start Handling Custom Attributes
---------------------------------------------------------------------------------
---------------------------------------------------------------------------------
Finished Handling Custom Attributes : Time (s): cpu = 00:00:08 ; elapsed = 00:00:09 . Memory (MB): peak = 2079.090 ; gain = 0.000 ; free physical = 2226 ; free virtual = 6385
---------------------------------------------------------------------------------
---------------------------------------------------------------------------------
Finished RTL Optimization Phase 1 : Time (s): cpu = 00:00:08 ; elapsed = 00:00:09 . Memory (MB): peak = 2079.090 ; gain = 0.000 ; free physical = 2226 ; free virtual = 6385
---------------------------------------------------------------------------------
Netlist sorting complete. Time (s): cpu = 00:00:00 ; elapsed = 00:00:00.01 . Memory (MB): peak = 2079.090 ; gain = 0.000 ; free physical = 2221 ; free virtual = 6380
INFO: [Project 1-570] Preparing netlist for logic optimization

Processing XDC Constraints
Initializing timing engine
Parsing XDC File [/home/sims0702/DDC_project-main/lab3.srcs/constrs_1/imports/Documents/PYNQ-Z2 v1.0.xdc]
WARNING: [Vivado 12-584] No ports matched 'iClk'. [/home/sims0702/DDC_project-main/lab3.srcs/constrs_1/imports/Documents/PYNQ-Z2 v1.0.xdc:8]
CRITICAL WARNING: [Common 17-55] 'set_property' expects at least one object. [/home/sims0702/DDC_project-main/lab3.srcs/constrs_1/imports/Documents/PYNQ-Z2 v1.0.xdc:8]
Resolution: If [get_<value>] was used to populate the object, check to make sure this command returns at least one valid object.
WARNING: [Vivado 12-584] No ports matched 'iClk'. [/home/sims0702/DDC_project-main/lab3.srcs/constrs_1/imports/Documents/PYNQ-Z2 v1.0.xdc:9]
CRITICAL WARNING: [Vivado 12-4739] create_clock:No valid object(s) found for '-objects [get_ports iClk]'. [/home/sims0702/DDC_project-main/lab3.srcs/constrs_1/imports/Documents/PYNQ-Z2 v1.0.xdc:9]
Resolution: Check if the specified object(s) exists in the current design. If it does, ensure that the correct design hierarchy was specified for the object. If you are working with clocks, make sure create_clock was used to create the clock object before it is referenced.
WARNING: [Vivado 12-584] No ports matched 'iSwitch0'. [/home/sims0702/DDC_project-main/lab3.srcs/constrs_1/imports/Documents/PYNQ-Z2 v1.0.xdc:13]
CRITICAL WARNING: [Common 17-55] 'set_property' expects at least one object. [/home/sims0702/DDC_project-main/lab3.srcs/constrs_1/imports/Documents/PYNQ-Z2 v1.0.xdc:13]
Resolution: If [get_<value>] was used to populate the object, check to make sure this command returns at least one valid object.
WARNING: [Vivado 12-584] No ports matched 'iSwitch1'. [/home/sims0702/DDC_project-main/lab3.srcs/constrs_1/imports/Documents/PYNQ-Z2 v1.0.xdc:14]
CRITICAL WARNING: [Common 17-55] 'set_property' expects at least one object. [/home/sims0702/DDC_project-main/lab3.srcs/constrs_1/imports/Documents/PYNQ-Z2 v1.0.xdc:14]
Resolution: If [get_<value>] was used to populate the object, check to make sure this command returns at least one valid object.
WARNING: [Vivado 12-584] No ports matched 'oLED'. [/home/sims0702/DDC_project-main/lab3.srcs/constrs_1/imports/Documents/PYNQ-Z2 v1.0.xdc:27]
CRITICAL WARNING: [Common 17-55] 'set_property' expects at least one object. [/home/sims0702/DDC_project-main/lab3.srcs/constrs_1/imports/Documents/PYNQ-Z2 v1.0.xdc:27]
Resolution: If [get_<value>] was used to populate the object, check to make sure this command returns at least one valid object.
WARNING: [Vivado 12-584] No ports matched 'iPush_up'. [/home/sims0702/DDC_project-main/lab3.srcs/constrs_1/imports/Documents/PYNQ-Z2 v1.0.xdc:34]
CRITICAL WARNING: [Common 17-55] 'set_property' expects at least one object. [/home/sims0702/DDC_project-main/lab3.srcs/constrs_1/imports/Documents/PYNQ-Z2 v1.0.xdc:34]
Resolution: If [get_<value>] was used to populate the object, check to make sure this command returns at least one valid object.
WARNING: [Vivado 12-584] No ports matched 'iPush_right'. [/home/sims0702/DDC_project-main/lab3.srcs/constrs_1/imports/Documents/PYNQ-Z2 v1.0.xdc:35]
CRITICAL WARNING: [Common 17-55] 'set_property' expects at least one object. [/home/sims0702/DDC_project-main/lab3.srcs/constrs_1/imports/Documents/PYNQ-Z2 v1.0.xdc:35]
Resolution: If [get_<value>] was used to populate the object, check to make sure this command returns at least one valid object.
WARNING: [Vivado 12-584] No ports matched 'iPush_down'. [/home/sims0702/DDC_project-main/lab3.srcs/constrs_1/imports/Documents/PYNQ-Z2 v1.0.xdc:36]
CRITICAL WARNING: [Common 17-55] 'set_property' expects at least one object. [/home/sims0702/DDC_project-main/lab3.srcs/constrs_1/imports/Documents/PYNQ-Z2 v1.0.xdc:36]
Resolution: If [get_<value>] was used to populate the object, check to make sure this command returns at least one valid object.
WARNING: [Vivado 12-584] No ports matched 'iPush_left'. [/home/sims0702/DDC_project-main/lab3.srcs/constrs_1/imports/Documents/PYNQ-Z2 v1.0.xdc:37]
CRITICAL WARNING: [Common 17-55] 'set_property' expects at least one object. [/home/sims0702/DDC_project-main/lab3.srcs/constrs_1/imports/Documents/PYNQ-Z2 v1.0.xdc:37]
Resolution: If [get_<value>] was used to populate the object, check to make sure this command returns at least one valid object.
Finished Parsing XDC File [/home/sims0702/DDC_project-main/lab3.srcs/constrs_1/imports/Documents/PYNQ-Z2 v1.0.xdc]
INFO: [Project 1-236] Implementation specific constraints were found while reading constraint file [/home/sims0702/DDC_project-main/lab3.srcs/constrs_1/imports/Documents/PYNQ-Z2 v1.0.xdc]. These constraints will be ignored for synthesis but will be used in implementation. Impacted constraints are listed in the file [.Xil/VGA_pattern_propImpl.xdc].
Resolution: To avoid this warning, move constraints listed in [.Xil/VGA_pattern_propImpl.xdc] to another XDC file and exclude this new file from synthesis with the used_in_synthesis property (File Properties dialog in GUI) and re-run elaboration/synthesis.
Completed Processing XDC Constraints

Netlist sorting complete. Time (s): cpu = 00:00:00 ; elapsed = 00:00:00 . Memory (MB): peak = 2142.984 ; gain = 0.000 ; free physical = 2139 ; free virtual = 6298
INFO: [Project 1-111] Unisim Transformation Summary:
No Unisim elements were transformed.

Constraint Validation Runtime : Time (s): cpu = 00:00:00 ; elapsed = 00:00:00 . Memory (MB): peak = 2142.984 ; gain = 0.000 ; free physical = 2139 ; free virtual = 6298
---------------------------------------------------------------------------------
Finished Constraint Validation : Time (s): cpu = 00:00:11 ; elapsed = 00:00:14 . Memory (MB): peak = 2142.984 ; gain = 63.895 ; free physical = 2200 ; free virtual = 6359
---------------------------------------------------------------------------------
---------------------------------------------------------------------------------
Start Loading Part and Timing Information
---------------------------------------------------------------------------------
Loading part: xc7z020clg400-1
---------------------------------------------------------------------------------
Finished Loading Part and Timing Information : Time (s): cpu = 00:00:11 ; elapsed = 00:00:14 . Memory (MB): peak = 2142.984 ; gain = 63.895 ; free physical = 2200 ; free virtual = 6359
---------------------------------------------------------------------------------
---------------------------------------------------------------------------------
Start Applying 'set_property' XDC Constraints
---------------------------------------------------------------------------------
---------------------------------------------------------------------------------
Finished applying 'set_property' XDC Constraints : Time (s): cpu = 00:00:11 ; elapsed = 00:00:14 . Memory (MB): peak = 2142.984 ; gain = 63.895 ; free physical = 2200 ; free virtual = 6359
---------------------------------------------------------------------------------
---------------------------------------------------------------------------------
Finished RTL Optimization Phase 2 : Time (s): cpu = 00:00:12 ; elapsed = 00:00:14 . Memory (MB): peak = 2142.984 ; gain = 63.895 ; free physical = 2195 ; free virtual = 6355
---------------------------------------------------------------------------------
---------------------------------------------------------------------------------
Start RTL Component Statistics 
---------------------------------------------------------------------------------
Detailed RTL Component Info : 
+---Adders : 
	   3 Input   11 Bit       Adders := 2     
	   2 Input   10 Bit       Adders := 2     
+---Muxes : 
	   2 Input    4 Bit        Muxes := 3     
---------------------------------------------------------------------------------
Finished RTL Component Statistics 
---------------------------------------------------------------------------------
---------------------------------------------------------------------------------
Start Part Resource Summary
---------------------------------------------------------------------------------
Part Resources:
DSPs: 220 (col length:60)
BRAMs: 280 (col length: RAMB18 60 RAMB36 30)
---------------------------------------------------------------------------------
Finished Part Resource Summary
---------------------------------------------------------------------------------
---------------------------------------------------------------------------------
Start Cross Boundary and Area Optimization
---------------------------------------------------------------------------------
---------------------------------------------------------------------------------
Finished Cross Boundary and Area Optimization : Time (s): cpu = 00:00:12 ; elapsed = 00:00:15 . Memory (MB): peak = 2142.984 ; gain = 63.895 ; free physical = 2182 ; free virtual = 6345
---------------------------------------------------------------------------------
---------------------------------------------------------------------------------
Start Applying XDC Timing Constraints
---------------------------------------------------------------------------------
---------------------------------------------------------------------------------
Finished Applying XDC Timing Constraints : Time (s): cpu = 00:00:16 ; elapsed = 00:00:20 . Memory (MB): peak = 2142.984 ; gain = 63.895 ; free physical = 2055 ; free virtual = 6218
---------------------------------------------------------------------------------
---------------------------------------------------------------------------------
Start Timing Optimization
---------------------------------------------------------------------------------
---------------------------------------------------------------------------------
Finished Timing Optimization : Time (s): cpu = 00:00:16 ; elapsed = 00:00:20 . Memory (MB): peak = 2142.984 ; gain = 63.895 ; free physical = 2055 ; free virtual = 6218
---------------------------------------------------------------------------------
---------------------------------------------------------------------------------
Start Technology Mapping
---------------------------------------------------------------------------------
---------------------------------------------------------------------------------
Finished Technology Mapping : Time (s): cpu = 00:00:16 ; elapsed = 00:00:20 . Memory (MB): peak = 2142.984 ; gain = 63.895 ; free physical = 2054 ; free virtual = 6216
---------------------------------------------------------------------------------
---------------------------------------------------------------------------------
Start IO Insertion
---------------------------------------------------------------------------------
---------------------------------------------------------------------------------
Start Flattening Before IO Insertion
---------------------------------------------------------------------------------
---------------------------------------------------------------------------------
Finished Flattening Before IO Insertion
---------------------------------------------------------------------------------
---------------------------------------------------------------------------------
Start Final Netlist Cleanup
---------------------------------------------------------------------------------
---------------------------------------------------------------------------------
Finished Final Netlist Cleanup
---------------------------------------------------------------------------------
---------------------------------------------------------------------------------
Finished IO Insertion : Time (s): cpu = 00:00:19 ; elapsed = 00:00:22 . Memory (MB): peak = 2142.984 ; gain = 63.895 ; free physical = 2053 ; free virtual = 6216
---------------------------------------------------------------------------------
---------------------------------------------------------------------------------
Start Renaming Generated Instances
---------------------------------------------------------------------------------
---------------------------------------------------------------------------------
Finished Renaming Generated Instances : Time (s): cpu = 00:00:19 ; elapsed = 00:00:22 . Memory (MB): peak = 2142.984 ; gain = 63.895 ; free physical = 2053 ; free virtual = 6216
---------------------------------------------------------------------------------
---------------------------------------------------------------------------------
Start Rebuilding User Hierarchy
---------------------------------------------------------------------------------
---------------------------------------------------------------------------------
Finished Rebuilding User Hierarchy : Time (s): cpu = 00:00:19 ; elapsed = 00:00:22 . Memory (MB): peak = 2142.984 ; gain = 63.895 ; free physical = 2053 ; free virtual = 6216
---------------------------------------------------------------------------------
---------------------------------------------------------------------------------
Start Renaming Generated Ports
---------------------------------------------------------------------------------
---------------------------------------------------------------------------------
Finished Renaming Generated Ports : Time (s): cpu = 00:00:19 ; elapsed = 00:00:22 . Memory (MB): peak = 2142.984 ; gain = 63.895 ; free physical = 2053 ; free virtual = 6216
---------------------------------------------------------------------------------
---------------------------------------------------------------------------------
Start Handling Custom Attributes
---------------------------------------------------------------------------------
---------------------------------------------------------------------------------
Finished Handling Custom Attributes : Time (s): cpu = 00:00:19 ; elapsed = 00:00:22 . Memory (MB): peak = 2142.984 ; gain = 63.895 ; free physical = 2053 ; free virtual = 6216
---------------------------------------------------------------------------------
---------------------------------------------------------------------------------
Start Renaming Generated Nets
---------------------------------------------------------------------------------
---------------------------------------------------------------------------------
Finished Renaming Generated Nets : Time (s): cpu = 00:00:19 ; elapsed = 00:00:22 . Memory (MB): peak = 2142.984 ; gain = 63.895 ; free physical = 2053 ; free virtual = 6216
---------------------------------------------------------------------------------
---------------------------------------------------------------------------------
Start Writing Synthesis Report
---------------------------------------------------------------------------------

Report BlackBoxes: 
+-+--------------+----------+
| |BlackBox name |Instances |
+-+--------------+----------+
+-+--------------+----------+

Report Cell Usage: 
+------+-------+------+
|      |Cell   |Count |
+------+-------+------+
|1     |CARRY4 |    16|
|2     |LUT2   |    40|
|3     |LUT4   |    20|
|4     |LUT5   |    12|
|5     |IBUF   |    74|
|6     |OBUF   |    14|
+------+-------+------+
---------------------------------------------------------------------------------
Finished Writing Synthesis Report : Time (s): cpu = 00:00:19 ; elapsed = 00:00:22 . Memory (MB): peak = 2142.984 ; gain = 63.895 ; free physical = 2053 ; free virtual = 6216
---------------------------------------------------------------------------------
Synthesis finished with 0 errors, 0 critical warnings and 0 warnings.
Synthesis Optimization Runtime : Time (s): cpu = 00:00:17 ; elapsed = 00:00:21 . Memory (MB): peak = 2142.984 ; gain = 0.000 ; free physical = 2109 ; free virtual = 6272
Synthesis Optimization Complete : Time (s): cpu = 00:00:19 ; elapsed = 00:00:22 . Memory (MB): peak = 2142.984 ; gain = 63.895 ; free physical = 2109 ; free virtual = 6272
INFO: [Project 1-571] Translating synthesized netlist
Netlist sorting complete. Time (s): cpu = 00:00:00 ; elapsed = 00:00:00.01 . Memory (MB): peak = 2142.984 ; gain = 0.000 ; free physical = 2179 ; free virtual = 6342
INFO: [Netlist 29-17] Analyzing 16 Unisim elements for replacement
INFO: [Netlist 29-28] Unisim Transformation completed in 0 CPU seconds
INFO: [Project 1-570] Preparing netlist for logic optimization
INFO: [Opt 31-138] Pushed 0 inverter(s) to 0 load pin(s).
Netlist sorting complete. Time (s): cpu = 00:00:00 ; elapsed = 00:00:00 . Memory (MB): peak = 2142.984 ; gain = 0.000 ; free physical = 2122 ; free virtual = 6285
INFO: [Project 1-111] Unisim Transformation Summary:
No Unisim elements were transformed.

INFO: [Common 17-83] Releasing license: Synthesis
17 Infos, 9 Warnings, 9 Critical Warnings and 0 Errors encountered.
synth_design completed successfully
synth_design: Time (s): cpu = 00:00:29 ; elapsed = 00:00:27 . Memory (MB): peak = 2142.984 ; gain = 64.031 ; free physical = 2258 ; free virtual = 6421
INFO: [Common 17-1381] The checkpoint '/home/sims0702/DDC_project-main/lab3.runs/synth_1/VGA_pattern.dcp' has been generated.
INFO: [runtcl-4] Executing : report_utilization -file VGA_pattern_utilization_synth.rpt -pb VGA_pattern_utilization_synth.pb
INFO: [Common 17-206] Exiting Vivado at Sat Dec 16 17:26:37 2023...
